<?xml version="1.0" encoding="UTF-8"?>
<testng-results ignored="0" total="3" passed="3" failed="0" skipped="0">
  <reporter-output>
  </reporter-output>
  <suite started-at="2021-04-26T14:21:22 IST" name="Default suite" finished-at="2021-04-26T14:22:47 IST" duration-ms="85168">
    <groups>
      <group name="cucumber">
        <method signature="AbstractTestNGCucumberTests.runScenario(io.cucumber.testng.PickleWrapper, io.cucumber.testng.FeatureWrapper)[pri:0, instance:Runner_files.Landing_positive_scenario_runner@40ef3420]" name="runScenario" class="io.cucumber.testng.AbstractTestNGCucumberTests"/>
      </group> <!-- cucumber -->
    </groups>
    <test started-at="2021-04-26T14:21:22 IST" name="Default test" finished-at="2021-04-26T14:22:47 IST" duration-ms="85168">
      <class name="Runner_files.Landing_positive_scenario_runner">
        <test-method is-config="true" signature="setUpClass()[pri:0, instance:Runner_files.Landing_positive_scenario_runner@40ef3420]" started-at="2021-04-26T14:21:22 IST" name="setUpClass" finished-at="2021-04-26T14:21:23 IST" duration-ms="1042" status="PASS">
          <reporter-output>
          </reporter-output>
        </test-method> <!-- setUpClass -->
        <test-method signature="runScenario(io.cucumber.testng.PickleWrapper, io.cucumber.testng.FeatureWrapper)[pri:0, instance:Runner_files.Landing_positive_scenario_runner@40ef3420]" started-at="2021-04-26T14:21:23 IST" name="runScenario" description="Runs Cucumber Scenarios" data-provider="scenarios" finished-at="2021-04-26T14:21:49 IST" duration-ms="25605" status="PASS">
          <params>
            <param index="0">
              <value>
                <![CDATA["Validate that the user is navigated to Welcome page"]]>
              </value>
            </param>
            <param index="1">
              <value>
                <![CDATA["Optional[User must be able to see Welcome Screen,Login and Sign up]"]]>
              </value>
            </param>
          </params>
          <reporter-output>
          </reporter-output>
        </test-method> <!-- runScenario -->
        <test-method signature="runScenario(io.cucumber.testng.PickleWrapper, io.cucumber.testng.FeatureWrapper)[pri:0, instance:Runner_files.Landing_positive_scenario_runner@40ef3420]" started-at="2021-04-26T14:21:49 IST" name="runScenario" description="Runs Cucumber Scenarios" data-provider="scenarios" finished-at="2021-04-26T14:22:32 IST" duration-ms="43279" status="PASS">
          <params>
            <param index="0">
              <value>
                <![CDATA["Validate user is able to click on Sign Up button and navigate to Sign Up page"]]>
              </value>
            </param>
            <param index="1">
              <value>
                <![CDATA["Optional[User must be able to see Welcome Screen,Login and Sign up]"]]>
              </value>
            </param>
          </params>
          <reporter-output>
          </reporter-output>
        </test-method> <!-- runScenario -->
        <test-method signature="runScenario(io.cucumber.testng.PickleWrapper, io.cucumber.testng.FeatureWrapper)[pri:0, instance:Runner_files.Landing_positive_scenario_runner@40ef3420]" started-at="2021-04-26T14:22:32 IST" name="runScenario" description="Runs Cucumber Scenarios" data-provider="scenarios" finished-at="2021-04-26T14:22:44 IST" duration-ms="12271" status="PASS">
          <params>
            <param index="0">
              <value>
                <![CDATA["Validate user is able to click on Login button and navigate to Login page"]]>
              </value>
            </param>
            <param index="1">
              <value>
                <![CDATA["Optional[User must be able to see Welcome Screen,Login and Sign up]"]]>
              </value>
            </param>
          </params>
          <reporter-output>
          </reporter-output>
        </test-method> <!-- runScenario -->
        <test-method is-config="true" signature="tearDownClass()[pri:0, instance:Runner_files.Landing_positive_scenario_runner@40ef3420]" started-at="2021-04-26T14:22:44 IST" name="tearDownClass" finished-at="2021-04-26T14:22:47 IST" duration-ms="2909" status="PASS">
          <reporter-output>
          </reporter-output>
        </test-method> <!-- tearDownClass -->
      </class> <!-- Runner_files.Landing_positive_scenario_runner -->
    </test> <!-- Default test -->
  </suite> <!-- Default suite -->
</testng-results>
